<?xml version="1.0" encoding="UTF-8"?>
<testng-results ignored="0" total="3" passed="3" failed="0" skipped="0">
  <reporter-output>
  </reporter-output>
  <suite started-at="2022-09-19T18:17:55 IST" name="Default suite" finished-at="2022-09-19T18:18:00 IST" duration-ms="5629">
    <groups>
    </groups>
    <test started-at="2022-09-19T18:17:55 IST" name="Default test" finished-at="2022-09-19T18:18:00 IST" duration-ms="5629">
      <class name="DynamicJson">
        <test-method signature="addBook(java.lang.String,java.lang.String)[pri:0, instance:DynamicJson@49c7b90e]" started-at="2022-09-19T18:17:55 IST" name="addBook" data-provider="book" finished-at="2022-09-19T18:17:59 IST" duration-ms="4690" status="PASS">
          <params>
            <param index="0">
              <value>
                <![CDATA[bcd]]>
              </value>
            </param>
            <param index="1">
              <value>
                <![CDATA[2926]]>
              </value>
            </param>
          </params>
          <reporter-output>
          </reporter-output>
        </test-method> <!-- addBook -->
        <test-method signature="addBook(java.lang.String,java.lang.String)[pri:0, instance:DynamicJson@49c7b90e]" started-at="2022-09-19T18:17:59 IST" name="addBook" data-provider="book" finished-at="2022-09-19T18:18:00 IST" duration-ms="467" status="PASS">
          <params>
            <param index="0">
              <value>
                <![CDATA[shi]]>
              </value>
            </param>
            <param index="1">
              <value>
                <![CDATA[2426]]>
              </value>
            </param>
          </params>
          <reporter-output>
          </reporter-output>
        </test-method> <!-- addBook -->
        <test-method signature="addBook(java.lang.String,java.lang.String)[pri:0, instance:DynamicJson@49c7b90e]" started-at="2022-09-19T18:18:00 IST" name="addBook" data-provider="book" finished-at="2022-09-19T18:18:00 IST" duration-ms="380" status="PASS">
          <params>
            <param index="0">
              <value>
                <![CDATA[him]]>
              </value>
            </param>
            <param index="1">
              <value>
                <![CDATA[2624]]>
              </value>
            </param>
          </params>
          <reporter-output>
          </reporter-output>
        </test-method> <!-- addBook -->
      </class> <!-- DynamicJson -->
    </test> <!-- Default test -->
  </suite> <!-- Default suite -->
</testng-results>
